{"numFailedTestSuites":0,"numFailedTests":0,"numPassedTestSuites":1,"numPassedTests":8,"numPendingTestSuites":0,"numPendingTests":0,"numRuntimeErrorTestSuites":0,"numTotalTestSuites":1,"numTotalTests":8,"openHandles":[],"snapshot":{"added":0,"didUpdate":false,"failure":false,"filesAdded":0,"filesRemoved":0,"filesUnmatched":0,"filesUpdated":0,"matched":0,"total":0,"unchecked":0,"uncheckedKeysByFile":[],"unmatched":0,"updated":0},"startTime":1682002099394,"success":true,"testResults":[{"assertionResults":[{"ancestorTitles":["admin-ui tests"],"failureMessages":[],"fullName":"admin-ui tests 1. Search Bar: should have a search bar","location":null,"status":"passed","title":"1. Search Bar: should have a search bar"},{"ancestorTitles":["admin-ui tests"],"failureMessages":[],"fullName":"admin-ui tests 2. Search Bar: Should be able to accept text","location":null,"status":"passed","title":"2. Search Bar: Should be able to accept text"},{"ancestorTitles":["admin-ui tests"],"failureMessages":[],"fullName":"admin-ui tests 3. Table View: Check if the Headers are loaded","location":null,"status":"passed","title":"3. Table View: Check if the Headers are loaded"},{"ancestorTitles":["admin-ui tests"],"failureMessages":[],"fullName":"admin-ui tests 4. Table View: Table Body is rendered","location":null,"status":"passed","title":"4. Table View: Table Body is rendered"},{"ancestorTitles":["admin-ui tests"],"failureMessages":[],"fullName":"admin-ui tests 5. Table View: Table Rows are loaded","location":null,"status":"passed","title":"5. Table View: Table Rows are loaded"},{"ancestorTitles":["admin-ui tests"],"failureMessages":[],"fullName":"admin-ui tests 6. Table Actions Area: Check Delete Selected Button Exists","location":null,"status":"passed","title":"6. Table Actions Area: Check Delete Selected Button Exists"},{"ancestorTitles":["admin-ui tests"],"failureMessages":[],"fullName":"admin-ui tests 7. Table Actions Area: Check Pagination Control is available","location":null,"status":"passed","title":"7. Table Actions Area: Check Pagination Control is available"},{"ancestorTitles":["admin-ui tests"],"failureMessages":[],"fullName":"admin-ui tests 8. Table Actions Area: Check Row Limit Select is available","location":null,"status":"passed","title":"8. Table Actions Area: Check Row Limit Select is available"}],"endTime":1682002120663,"message":"","name":"C:\\Users\\tejas\\Projects\\GeekTrust\\Admin UI\\frontend\\src\\__tests__\\UserList.test.js","startTime":1682002100570,"status":"passed","summary":""}],"wasInterrupted":false}